<?xml version="1.0" encoding="UTF-8"?>
<!-- Generated by org.testng.reporters.JUnitReportReporter -->
<testsuite hostname="Princes-MacBook-Pro.local" failures="0" tests="1" name="testScript.GoogleLinkTest" time="81.802" errors="0" timestamp="2024-01-26T12:38:23 IST" skipped="0">
  <testcase classname="testScript.GoogleLinkTest" name="linkVerificationTest" time="81.802"/>
  <system-out/>
</testsuite> <!-- testScript.GoogleLinkTest -->
